#!/bin/sh

echo "Test passed"
+ echo 'Test passed'
Test passed

fname=$1
+ fname=
lname=$2
+ lname=
num=$3
+ num=
echo "fame=${fname}"
+ echo fame=
fame=
echo "lname=${lname}"
+ echo lname=
lname=
echo "num=${num}"
+ echo num=
num=

x=1
+ x=1
y=2
+ y=2


sleep 40;
+ sleep 40
#!/bin/sh

echo "Test passed"
+ echo 'Test passed'
Test passed

fname=$1
+ fname=
lname=$2
+ lname=
num=$3
+ num=
echo "fame=${fname}"
+ echo fame=
fame=
echo "lname=${lname}"
+ echo lname=
lname=
echo "num=${num}"
+ echo num=
num=

x=1
+ x=1
y=2
+ y=2


sleep 40;
+ sleep 40
# exit 9
# echo "Arjun" > /Users/arjunkumar/Desktop/notes2/pre-prod/front_end/PyDataFlow_Local/PyDataFlow/pydataflow/logs/2019-08-20/mlab_adhoc/log.txt


#!/bin/sh

echo "Test passed"
+ echo 'Test passed'
Test passed

fname=$1
+ fname=
lname=$2
+ lname=
num=$3
+ num=
echo "fame=${fname}"
+ echo fame=
fame=
echo "lname=${lname}"
+ echo lname=
lname=
echo "num=${num}"
+ echo num=
num=

x=1
+ x=1
y=2
+ y=2


sleep 40;
+ sleep 40
test.sh: line 16: 44026 Killed                  sleep 40
# exit 9
# echo "Arjun" > /Users/arjunkumar/Desktop/notes2/pre-prod/front_end/PyDataFlow_Local/PyDataFlow/pydataflow/logs/2019-08-20/mlab_adhoc/log.txt


#!/bin/sh

echo "Test passed"
+ echo 'Test passed'
Test passed

fname=$1
+ fname=
lname=$2
+ lname=
num=$3
+ num=
echo "fame=${fname}"
+ echo fame=
fame=
echo "lname=${lname}"
+ echo lname=
lname=
echo "num=${num}"
+ echo num=
num=

x=1
+ x=1
y=2
+ y=2


sleep 40;
+ sleep 40
test.sh: line 16: 44514 Killed                  sleep 40
# exit 9
# echo "Arjun" > /Users/arjunkumar/Desktop/notes2/pre-prod/front_end/PyDataFlow_Local/PyDataFlow/pydataflow/logs/2019-08-20/mlab_adhoc/log.txt


#!/bin/sh

echo "Test passed"
+ echo 'Test passed'
Test passed

fname=$1
+ fname=
lname=$2
+ lname=
num=$3
+ num=
echo "fame=${fname}"
+ echo fame=
fame=
echo "lname=${lname}"
+ echo lname=
lname=
echo "num=${num}"
+ echo num=
num=

x=1
+ x=1
y=2
+ y=2


sleep 40;
+ sleep 40
test.sh: line 16: 44583 Killed                  sleep 40
# exit 9
# echo "Arjun" > /Users/arjunkumar/Desktop/notes2/pre-prod/front_end/PyDataFlow_Local/PyDataFlow/pydataflow/logs/2019-08-20/mlab_adhoc/log.txt


